23:05:32,086  INFO CCPRestSmsSDK:47 - Fri Apr 08 23:05:32 CST 2016 sendTemplateSMS url = https://app.cloopen.com:8883/2013-12-26/Accounts/aaf98f8951aa81e70151aac26e0d009b/SMS/TemplateSMS?sig=5B8FB4D38C937595C74D6F03C04C256A
23:05:32,139  INFO CCPRestSmsSDK:47 - Fri Apr 08 23:05:32 CST 2016 sendTemplateSMS Request body =  {"appId":"aaf98f8951af2ba80151c3204cc34ddd","to":"18682668023,18380426135,18284183388","templateId":"57981","datas":["小唐/小刘叫你们低调","你们要叫涛哥"]}
23:05:32,186 DEBUG BasicClientConnectionManager:160 - Get connection for route {s}->https://app.cloopen.com:8883
23:05:32,507 DEBUG DefaultClientConnectionOperator:178 - Connecting to app.cloopen.com:8883
23:05:32,811 DEBUG RequestAddCookies:133 - CookieSpec selected: best-match
23:05:32,827 DEBUG RequestAuthCache:79 - Auth cache not set in the context
23:05:32,827 DEBUG RequestProxyAuthentication:88 - Proxy auth state: UNCHALLENGED
23:05:32,827 DEBUG DefaultHttpClient:716 - Attempt 1 to execute request
23:05:32,827 DEBUG DefaultClientConnection:270 - Sending request: POST /2013-12-26/Accounts/aaf98f8951aa81e70151aac26e0d009b/SMS/TemplateSMS?sig=5B8FB4D38C937595C74D6F03C04C256A HTTP/1.1
23:05:32,827 DEBUG wire:64 - >> "POST /2013-12-26/Accounts/aaf98f8951aa81e70151aac26e0d009b/SMS/TemplateSMS?sig=5B8FB4D38C937595C74D6F03C04C256A HTTP/1.1[\r][\n]"
23:05:32,827 DEBUG wire:64 - >> "Accept: application/json[\r][\n]"
23:05:32,827 DEBUG wire:64 - >> "Content-Type: application/json;charset=utf-8[\r][\n]"
23:05:32,827 DEBUG wire:64 - >> "Authorization: YWFmOThmODk1MWFhODFlNzAxNTFhYWMyNmUwZDAwOWI6MjAxNjA0MDgyMzA1MzI=[\r][\n]"
23:05:32,827 DEBUG wire:64 - >> "Content-Length: 170[\r][\n]"
23:05:32,827 DEBUG wire:64 - >> "Host: app.cloopen.com:8883[\r][\n]"
23:05:32,827 DEBUG wire:64 - >> "Connection: Keep-Alive[\r][\n]"
23:05:32,827 DEBUG wire:64 - >> "User-Agent: Apache-HttpClient/4.3.3 (java 1.5)[\r][\n]"
23:05:32,827 DEBUG wire:64 - >> "[\r][\n]"
23:05:32,827 DEBUG headers:274 - >> POST /2013-12-26/Accounts/aaf98f8951aa81e70151aac26e0d009b/SMS/TemplateSMS?sig=5B8FB4D38C937595C74D6F03C04C256A HTTP/1.1
23:05:32,827 DEBUG headers:277 - >> Accept: application/json
23:05:32,827 DEBUG headers:277 - >> Content-Type: application/json;charset=utf-8
23:05:32,827 DEBUG headers:277 - >> Authorization: YWFmOThmODk1MWFhODFlNzAxNTFhYWMyNmUwZDAwOWI6MjAxNjA0MDgyMzA1MzI=
23:05:32,827 DEBUG headers:277 - >> Content-Length: 170
23:05:32,827 DEBUG headers:277 - >> Host: app.cloopen.com:8883
23:05:32,827 DEBUG headers:277 - >> Connection: Keep-Alive
23:05:32,827 DEBUG headers:277 - >> User-Agent: Apache-HttpClient/4.3.3 (java 1.5)
23:05:32,827 DEBUG wire:78 - >> "{"appId":"aaf98f8951af2ba80151c3204cc34ddd","to":"18682668023,18380426135,18284183388","templateId":"57981","datas":["[0xe5][0xb0][0x8f][0xe5][0x94][0x90]/[0xe5][0xb0][0x8f][0xe5][0x88][0x98][0xe5][0x8f][0xab][0xe4][0xbd][0xa0][0xe4][0xbb][0xac][0xe4][0xbd][0x8e][0xe8][0xb0][0x83]","[0xe4][0xbd][0xa0][0xe4][0xbb][0xac][0xe8][0xa6][0x81][0xe5][0x8f][0xab][0xe6][0xb6][0x9b][0xe5][0x93][0xa5]"]}"
23:05:32,942 DEBUG wire:64 - << "HTTP/1.1 200 OK[\r][\n]"
23:05:32,942 DEBUG wire:64 - << "Server: nginx/1.4.6[\r][\n]"
23:05:32,942 DEBUG wire:64 - << "Date: Fri, 08 Apr 2016 15:05:42 GMT[\r][\n]"
23:05:32,942 DEBUG wire:64 - << "Content-Type: application/json;charset=UTF-8[\r][\n]"
23:05:32,942 DEBUG wire:64 - << "Content-Length: 121[\r][\n]"
23:05:32,942 DEBUG wire:64 - << "Connection: keep-alive[\r][\n]"
23:05:32,942 DEBUG wire:64 - << "Content-Language: en-US[\r][\n]"
23:05:32,942 DEBUG wire:64 - << "[\r][\n]"
23:05:32,942 DEBUG DefaultClientConnection:255 - Receiving response: HTTP/1.1 200 OK
23:05:32,942 DEBUG headers:258 - << HTTP/1.1 200 OK
23:05:32,942 DEBUG headers:261 - << Server: nginx/1.4.6
23:05:32,942 DEBUG headers:261 - << Date: Fri, 08 Apr 2016 15:05:42 GMT
23:05:32,942 DEBUG headers:261 - << Content-Type: application/json;charset=UTF-8
23:05:32,942 DEBUG headers:261 - << Content-Length: 121
23:05:32,942 DEBUG headers:261 - << Connection: keep-alive
23:05:32,942 DEBUG headers:261 - << Content-Language: en-US
23:05:32,942 DEBUG DefaultHttpClient:546 - Connection can be kept alive indefinitely
23:05:32,958 DEBUG wire:78 - << "{"templateSMS":{"smsMessageSid":"8d0742f8ebde44fab433b771d5828ea0","dateCreated":"20160408230542"},"statusCode":"000000"}"
23:05:32,958 DEBUG BasicClientConnectionManager:202 - Releasing connection ytx.org.apache.http.impl.conn.ManagedClientConnectionImpl@5e1ba3db
23:05:32,958 DEBUG BasicClientConnectionManager:228 - Connection can be kept alive indefinitely
23:05:32,958 DEBUG DefaultClientConnection:170 - Connection 0.0.0.0:53700<->42.121.254.126:8883 closed
23:05:32,958  INFO CCPRestSmsSDK:47 - Fri Apr 08 23:05:32 CST 2016 sendTemplateSMS response body = {"templateSMS":{"smsMessageSid":"8d0742f8ebde44fab433b771d5828ea0","dateCreated":"20160408230542"},"statusCode":"000000"}
